{"E:\\Github Upload Master\\express_db_test\\index.js": {"path":"E:\\Github Upload Master\\express_db_test\\index.js","statementMap":{"0":{"start":{"line":8,"column":12},"end":{"line":8,"column":21}},"1":{"start":{"line":9,"column":0},"end":{"line":9,"column":24}},"2":{"start":{"line":10,"column":0},"end":{"line":10,"column":16}},"3":{"start":{"line":13,"column":13},"end":{"line":13,"column":37}},"4":{"start":{"line":15,"column":0},"end":{"line":17,"column":3}},"5":{"start":{"line":16,"column":4},"end":{"line":16,"column":49}}},"fnMap":{"0":{"name":"(anonymous_0)","decl":{"start":{"line":15,"column":16},"end":{"line":15,"column":17}},"loc":{"start":{"line":15,"column":20},"end":{"line":17,"column":1}},"line":15}},"branchMap":{"0":{"loc":{"start":{"line":13,"column":13},"end":{"line":13,"column":37}},"type":"binary-expr","locations":[{"start":{"line":13,"column":13},"end":{"line":13,"column":29}},{"start":{"line":13,"column":33},"end":{"line":13,"column":37}}],"line":13}},"s":{"0":1,"1":1,"2":1,"3":1,"4":1,"5":1},"f":{"0":1},"b":{"0":[1,1]},"_coverageSchema":"1a1c01bbd47fc00a2c39e90264f33305004495a9","hash":"f314d626712d7bfb3f6d063ece898be68b833047"}
,"E:\\Github Upload Master\\express_db_test\\controller\\user.mjs": {"path":"E:\\Github Upload Master\\express_db_test\\controller\\user.mjs","statementMap":{"0":{"start":{"line":5,"column":20},"end":{"line":5,"column":39}},"1":{"start":{"line":9,"column":8},"end":{"line":19,"column":9}},"2":{"start":{"line":10,"column":25},"end":{"line":10,"column":63}},"3":{"start":{"line":14,"column":12},"end":{"line":14,"column":39}},"4":{"start":{"line":16,"column":12},"end":{"line":16,"column":60}},"5":{"start":{"line":24,"column":8},"end":{"line":30,"column":9}},"6":{"start":{"line":25,"column":25},"end":{"line":25,"column":69}},"7":{"start":{"line":26,"column":12},"end":{"line":26,"column":39}},"8":{"start":{"line":28,"column":12},"end":{"line":28,"column":73}},"9":{"start":{"line":34,"column":8},"end":{"line":40,"column":9}},"10":{"start":{"line":35,"column":25},"end":{"line":35,"column":74}},"11":{"start":{"line":36,"column":12},"end":{"line":36,"column":39}},"12":{"start":{"line":38,"column":12},"end":{"line":38,"column":75}},"13":{"start":{"line":44,"column":8},"end":{"line":50,"column":13}},"14":{"start":{"line":45,"column":25},"end":{"line":45,"column":55}},"15":{"start":{"line":47,"column":12},"end":{"line":47,"column":39}},"16":{"start":{"line":49,"column":12},"end":{"line":49,"column":33}},"17":{"start":{"line":54,"column":8},"end":{"line":62,"column":9}},"18":{"start":{"line":56,"column":25},"end":{"line":56,"column":82}},"19":{"start":{"line":58,"column":12},"end":{"line":58,"column":39}},"20":{"start":{"line":60,"column":12},"end":{"line":60,"column":75}},"21":{"start":{"line":66,"column":8},"end":{"line":83,"column":9}},"22":{"start":{"line":67,"column":25},"end":{"line":67,"column":54}},"23":{"start":{"line":68,"column":27},"end":{"line":68,"column":29}},"24":{"start":{"line":69,"column":12},"end":{"line":74,"column":13}},"25":{"start":{"line":70,"column":16},"end":{"line":70,"column":30}},"26":{"start":{"line":73,"column":16},"end":{"line":73,"column":62}},"27":{"start":{"line":76,"column":31},"end":{"line":76,"column":50}},"28":{"start":{"line":78,"column":25},"end":{"line":78,"column":78}},"29":{"start":{"line":79,"column":12},"end":{"line":79,"column":39}},"30":{"start":{"line":82,"column":12},"end":{"line":82,"column":33}},"31":{"start":{"line":93,"column":8},"end":{"line":101,"column":9}},"32":{"start":{"line":94,"column":25},"end":{"line":94,"column":71}},"33":{"start":{"line":96,"column":12},"end":{"line":96,"column":23}},"34":{"start":{"line":99,"column":12},"end":{"line":99,"column":33}},"35":{"start":{"line":106,"column":8},"end":{"line":114,"column":9}},"36":{"start":{"line":107,"column":25},"end":{"line":107,"column":69}},"37":{"start":{"line":109,"column":12},"end":{"line":109,"column":23}},"38":{"start":{"line":112,"column":12},"end":{"line":112,"column":33}}},"fnMap":{"0":{"name":"(anonymous_0)","decl":{"start":{"line":8,"column":4},"end":{"line":8,"column":5}},"loc":{"start":{"line":8,"column":35},"end":{"line":20,"column":5}},"line":8},"1":{"name":"(anonymous_1)","decl":{"start":{"line":23,"column":4},"end":{"line":23,"column":5}},"loc":{"start":{"line":23,"column":26},"end":{"line":31,"column":5}},"line":23},"2":{"name":"(anonymous_2)","decl":{"start":{"line":33,"column":4},"end":{"line":33,"column":5}},"loc":{"start":{"line":33,"column":33},"end":{"line":41,"column":5}},"line":33},"3":{"name":"(anonymous_3)","decl":{"start":{"line":43,"column":4},"end":{"line":43,"column":5}},"loc":{"start":{"line":43,"column":29},"end":{"line":51,"column":9}},"line":43},"4":{"name":"(anonymous_4)","decl":{"start":{"line":53,"column":4},"end":{"line":53,"column":5}},"loc":{"start":{"line":53,"column":29},"end":{"line":63,"column":5}},"line":53},"5":{"name":"(anonymous_5)","decl":{"start":{"line":65,"column":4},"end":{"line":65,"column":5}},"loc":{"start":{"line":65,"column":29},"end":{"line":84,"column":5}},"line":65},"6":{"name":"(anonymous_6)","decl":{"start":{"line":92,"column":4},"end":{"line":92,"column":5}},"loc":{"start":{"line":92,"column":37},"end":{"line":102,"column":5}},"line":92},"7":{"name":"(anonymous_7)","decl":{"start":{"line":105,"column":4},"end":{"line":105,"column":5}},"loc":{"start":{"line":105,"column":35},"end":{"line":118,"column":5}},"line":105}},"branchMap":{"0":{"loc":{"start":{"line":67,"column":25},"end":{"line":67,"column":54}},"type":"binary-expr","locations":[{"start":{"line":67,"column":25},"end":{"line":67,"column":49}},{"start":{"line":67,"column":53},"end":{"line":67,"column":54}}],"line":67},"1":{"loc":{"start":{"line":69,"column":12},"end":{"line":74,"column":13}},"type":"if","locations":[{"start":{"line":69,"column":12},"end":{"line":74,"column":13}},{"start":{"line":72,"column":16},"end":{"line":74,"column":13}}],"line":69},"2":{"loc":{"start":{"line":73,"column":27},"end":{"line":73,"column":61}},"type":"binary-expr","locations":[{"start":{"line":73,"column":27},"end":{"line":73,"column":55}},{"start":{"line":73,"column":59},"end":{"line":73,"column":61}}],"line":73}},"s":{"0":1,"1":2,"2":2,"3":1,"4":1,"5":4,"6":4,"7":2,"8":2,"9":2,"10":2,"11":1,"12":1,"13":2,"14":2,"15":2,"16":0,"17":2,"18":2,"19":1,"20":1,"21":2,"22":2,"23":2,"24":2,"25":1,"26":1,"27":2,"28":2,"29":2,"30":0,"31":10,"32":10,"33":10,"34":0,"35":7,"36":7,"37":7,"38":0},"f":{"0":2,"1":4,"2":2,"3":2,"4":2,"5":2,"6":10,"7":7},"b":{"0":[2,2],"1":[1,1],"2":[1,0]},"_coverageSchema":"1a1c01bbd47fc00a2c39e90264f33305004495a9","hash":"e368e63a05587bf86492cad376a170e6840e74b6"}
,"E:\\Github Upload Master\\express_db_test\\dao\\dao.mjs": {"path":"E:\\Github Upload Master\\express_db_test\\dao\\dao.mjs","statementMap":{"0":{"start":{"line":4,"column":15},"end":{"line":4,"column":49}},"1":{"start":{"line":4,"column":20},"end":{"line":4,"column":49}},"2":{"start":{"line":12,"column":23},"end":{"line":22,"column":23}},"3":{"start":{"line":26,"column":8},"end":{"line":26,"column":25}},"4":{"start":{"line":30,"column":23},"end":{"line":30,"column":56}},"5":{"start":{"line":32,"column":8},"end":{"line":32,"column":25}},"6":{"start":{"line":36,"column":21},"end":{"line":36,"column":35}},"7":{"start":{"line":37,"column":8},"end":{"line":37,"column":20}},"8":{"start":{"line":41,"column":23},"end":{"line":42,"column":23}},"9":{"start":{"line":43,"column":8},"end":{"line":43,"column":25}},"10":{"start":{"line":49,"column":29},"end":{"line":50,"column":23}},"11":{"start":{"line":51,"column":8},"end":{"line":51,"column":31}},"12":{"start":{"line":56,"column":27},"end":{"line":57,"column":43}},"13":{"start":{"line":58,"column":8},"end":{"line":58,"column":26}},"14":{"start":{"line":62,"column":21},"end":{"line":63,"column":59}},"15":{"start":{"line":65,"column":8},"end":{"line":65,"column":20}},"16":{"start":{"line":69,"column":21},"end":{"line":70,"column":59}},"17":{"start":{"line":72,"column":8},"end":{"line":72,"column":20}}},"fnMap":{"0":{"name":"(anonymous_0)","decl":{"start":{"line":4,"column":15},"end":{"line":4,"column":16}},"loc":{"start":{"line":4,"column":20},"end":{"line":4,"column":49}},"line":4},"1":{"name":"(anonymous_1)","decl":{"start":{"line":11,"column":4},"end":{"line":11,"column":5}},"loc":{"start":{"line":11,"column":120},"end":{"line":27,"column":5}},"line":11},"2":{"name":"(anonymous_2)","decl":{"start":{"line":29,"column":4},"end":{"line":29,"column":5}},"loc":{"start":{"line":29,"column":20},"end":{"line":33,"column":5}},"line":29},"3":{"name":"(anonymous_3)","decl":{"start":{"line":35,"column":4},"end":{"line":35,"column":5}},"loc":{"start":{"line":35,"column":19},"end":{"line":38,"column":5}},"line":35},"4":{"name":"(anonymous_4)","decl":{"start":{"line":40,"column":4},"end":{"line":40,"column":5}},"loc":{"start":{"line":40,"column":20},"end":{"line":44,"column":5}},"line":40},"5":{"name":"(anonymous_5)","decl":{"start":{"line":47,"column":4},"end":{"line":47,"column":5}},"loc":{"start":{"line":47,"column":55},"end":{"line":52,"column":5}},"line":47},"6":{"name":"(anonymous_6)","decl":{"start":{"line":55,"column":4},"end":{"line":55,"column":5}},"loc":{"start":{"line":55,"column":42},"end":{"line":59,"column":5}},"line":55},"7":{"name":"(anonymous_7)","decl":{"start":{"line":61,"column":4},"end":{"line":61,"column":5}},"loc":{"start":{"line":61,"column":48},"end":{"line":66,"column":5}},"line":61},"8":{"name":"(anonymous_8)","decl":{"start":{"line":68,"column":4},"end":{"line":68,"column":5}},"loc":{"start":{"line":68,"column":46},"end":{"line":73,"column":5}},"line":68}},"branchMap":{},"s":{"0":3,"1":21,"2":3,"3":2,"4":6,"5":4,"6":3,"7":3,"8":3,"9":2,"10":3,"11":2,"12":6,"13":6,"14":12,"15":12,"16":9,"17":9},"f":{"0":21,"1":3,"2":6,"3":3,"4":3,"5":3,"6":6,"7":12,"8":9},"b":{},"_coverageSchema":"1a1c01bbd47fc00a2c39e90264f33305004495a9","hash":"8aaff19d485be35a9093b50a3c931ca826bdd86b"}
,"E:\\Github Upload Master\\express_db_test\\db\\db.mjs": {"path":"E:\\Github Upload Master\\express_db_test\\db\\db.mjs","statementMap":{"0":{"start":{"line":7,"column":11},"end":{"line":7,"column":37}}},"fnMap":{},"branchMap":{},"s":{"0":3},"f":{},"b":{},"_coverageSchema":"1a1c01bbd47fc00a2c39e90264f33305004495a9","hash":"670f6fe2fef37b33099730d339b5cab7c5921d45"}
,"E:\\Github Upload Master\\express_db_test\\db\\knexfile.mjs": {"path":"E:\\Github Upload Master\\express_db_test\\db\\knexfile.mjs","statementMap":{"0":{"start":{"line":6,"column":15},"end":{"line":23,"column":1}}},"fnMap":{},"branchMap":{},"s":{"0":3},"f":{},"b":{},"_coverageSchema":"1a1c01bbd47fc00a2c39e90264f33305004495a9","hash":"04433820c6743f96dd4b41f68f5a708be5090711"}
,"E:\\Github Upload Master\\express_db_test\\middleware\\middleware.mjs": {"path":"E:\\Github Upload Master\\express_db_test\\middleware\\middleware.mjs","statementMap":{"0":{"start":{"line":6,"column":23},"end":{"line":6,"column":45}},"1":{"start":{"line":10,"column":19},"end":{"line":18,"column":13}},"2":{"start":{"line":11,"column":25},"end":{"line":11,"column":35}},"3":{"start":{"line":12,"column":8},"end":{"line":17,"column":9}},"4":{"start":{"line":13,"column":12},"end":{"line":13,"column":19}},"5":{"start":{"line":16,"column":12},"end":{"line":16,"column":112}},"6":{"start":{"line":21,"column":21},"end":{"line":43,"column":9}},"7":{"start":{"line":22,"column":12},"end":{"line":24,"column":13}},"8":{"start":{"line":23,"column":16},"end":{"line":23,"column":120}},"9":{"start":{"line":25,"column":25},"end":{"line":25,"column":93}},"10":{"start":{"line":26,"column":12},"end":{"line":34,"column":13}},"11":{"start":{"line":28,"column":16},"end":{"line":28,"column":23}},"12":{"start":{"line":32,"column":16},"end":{"line":32,"column":114}},"13":{"start":{"line":50,"column":19},"end":{"line":69,"column":5}},"14":{"start":{"line":52,"column":12},"end":{"line":54,"column":13}},"15":{"start":{"line":53,"column":16},"end":{"line":53,"column":120}},"16":{"start":{"line":56,"column":25},"end":{"line":56,"column":91}},"17":{"start":{"line":57,"column":12},"end":{"line":66,"column":13}},"18":{"start":{"line":60,"column":16},"end":{"line":60,"column":23}},"19":{"start":{"line":64,"column":16},"end":{"line":64,"column":114}}},"fnMap":{"0":{"name":"(anonymous_0)","decl":{"start":{"line":10,"column":19},"end":{"line":10,"column":20}},"loc":{"start":{"line":10,"column":45},"end":{"line":18,"column":13}},"line":10},"1":{"name":"(anonymous_1)","decl":{"start":{"line":21,"column":21},"end":{"line":21,"column":22}},"loc":{"start":{"line":21,"column":47},"end":{"line":43,"column":9}},"line":21},"2":{"name":"(anonymous_2)","decl":{"start":{"line":50,"column":19},"end":{"line":50,"column":20}},"loc":{"start":{"line":50,"column":45},"end":{"line":69,"column":5}},"line":50}},"branchMap":{"0":{"loc":{"start":{"line":12,"column":8},"end":{"line":17,"column":9}},"type":"if","locations":[{"start":{"line":12,"column":8},"end":{"line":17,"column":9}},{"start":{"line":15,"column":12},"end":{"line":17,"column":9}}],"line":12},"1":{"loc":{"start":{"line":12,"column":12},"end":{"line":12,"column":56}},"type":"binary-expr","locations":[{"start":{"line":12,"column":12},"end":{"line":12,"column":21}},{"start":{"line":12,"column":25},"end":{"line":12,"column":56}}],"line":12},"2":{"loc":{"start":{"line":22,"column":12},"end":{"line":24,"column":13}},"type":"if","locations":[{"start":{"line":22,"column":12},"end":{"line":24,"column":13}},{"start":{},"end":{}}],"line":22},"3":{"loc":{"start":{"line":22,"column":16},"end":{"line":22,"column":80}},"type":"binary-expr","locations":[{"start":{"line":22,"column":16},"end":{"line":22,"column":47}},{"start":{"line":22,"column":51},"end":{"line":22,"column":80}}],"line":22},"4":{"loc":{"start":{"line":26,"column":12},"end":{"line":34,"column":13}},"type":"if","locations":[{"start":{"line":26,"column":12},"end":{"line":34,"column":13}},{"start":{"line":31,"column":16},"end":{"line":34,"column":13}}],"line":26},"5":{"loc":{"start":{"line":26,"column":15},"end":{"line":26,"column":36}},"type":"binary-expr","locations":[{"start":{"line":26,"column":15},"end":{"line":26,"column":19}},{"start":{"line":26,"column":23},"end":{"line":26,"column":36}}],"line":26},"6":{"loc":{"start":{"line":52,"column":12},"end":{"line":54,"column":13}},"type":"if","locations":[{"start":{"line":52,"column":12},"end":{"line":54,"column":13}},{"start":{},"end":{}}],"line":52},"7":{"loc":{"start":{"line":52,"column":16},"end":{"line":52,"column":80}},"type":"binary-expr","locations":[{"start":{"line":52,"column":16},"end":{"line":52,"column":47}},{"start":{"line":52,"column":51},"end":{"line":52,"column":80}}],"line":52},"8":{"loc":{"start":{"line":57,"column":12},"end":{"line":66,"column":13}},"type":"if","locations":[{"start":{"line":57,"column":12},"end":{"line":66,"column":13}},{"start":{"line":63,"column":16},"end":{"line":66,"column":13}}],"line":57},"9":{"loc":{"start":{"line":57,"column":15},"end":{"line":57,"column":36}},"type":"binary-expr","locations":[{"start":{"line":57,"column":15},"end":{"line":57,"column":19}},{"start":{"line":57,"column":23},"end":{"line":57,"column":36}}],"line":57}},"s":{"0":1,"1":1,"2":29,"3":29,"4":27,"5":2,"6":1,"7":15,"8":5,"9":10,"10":10,"11":8,"12":2,"13":1,"14":9,"15":2,"16":7,"17":7,"18":6,"19":1},"f":{"0":29,"1":15,"2":9},"b":{"0":[27,2],"1":[29,29],"2":[5,10],"3":[15,11],"4":[8,2],"5":[10,10],"6":[2,7],"7":[9,8],"8":[6,1],"9":[7,7]},"_coverageSchema":"1a1c01bbd47fc00a2c39e90264f33305004495a9","hash":"3e494c58fd918e9845221f0cdedd49089bd0c9d8"}
,"E:\\Github Upload Master\\express_db_test\\routes\\router.mjs": {"path":"E:\\Github Upload Master\\express_db_test\\routes\\router.mjs","statementMap":{"0":{"start":{"line":5,"column":23},"end":{"line":5,"column":45}},"1":{"start":{"line":6,"column":19},"end":{"line":6,"column":35}},"2":{"start":{"line":7,"column":15},"end":{"line":7,"column":31}},"3":{"start":{"line":10,"column":0},"end":{"line":10,"column":36}},"4":{"start":{"line":13,"column":0},"end":{"line":13,"column":79}},"5":{"start":{"line":16,"column":0},"end":{"line":16,"column":77}},"6":{"start":{"line":19,"column":0},"end":{"line":19,"column":89}},"7":{"start":{"line":22,"column":0},"end":{"line":22,"column":76}},"8":{"start":{"line":25,"column":0},"end":{"line":25,"column":85}},"9":{"start":{"line":28,"column":0},"end":{"line":28,"column":74}}},"fnMap":{},"branchMap":{},"s":{"0":1,"1":1,"2":1,"3":1,"4":1,"5":1,"6":1,"7":1,"8":1,"9":1},"f":{},"b":{},"_coverageSchema":"1a1c01bbd47fc00a2c39e90264f33305004495a9","hash":"0fe56de3cc65e2d1a42aa78b4e8af03bf1a5124e"}
,"E:\\Github Upload Master\\express_db_test\\service\\userService.mjs": {"path":"E:\\Github Upload Master\\express_db_test\\service\\userService.mjs","statementMap":{"0":{"start":{"line":5,"column":12},"end":{"line":5,"column":27}},"1":{"start":{"line":11,"column":115},"end":{"line":11,"column":124}},"2":{"start":{"line":12,"column":8},"end":{"line":12,"column":130}},"3":{"start":{"line":16,"column":8},"end":{"line":16,"column":37}},"4":{"start":{"line":21,"column":8},"end":{"line":21,"column":29}},"5":{"start":{"line":25,"column":8},"end":{"line":25,"column":37}},"6":{"start":{"line":30,"column":45},"end":{"line":30,"column":57}},"7":{"start":{"line":32,"column":8},"end":{"line":32,"column":69}},"8":{"start":{"line":37,"column":8},"end":{"line":37,"column":52}},"9":{"start":{"line":41,"column":8},"end":{"line":41,"column":58}},"10":{"start":{"line":45,"column":8},"end":{"line":45,"column":56}}},"fnMap":{"0":{"name":"(anonymous_0)","decl":{"start":{"line":10,"column":4},"end":{"line":10,"column":5}},"loc":{"start":{"line":10,"column":25},"end":{"line":13,"column":5}},"line":10},"1":{"name":"(anonymous_1)","decl":{"start":{"line":15,"column":4},"end":{"line":15,"column":5}},"loc":{"start":{"line":15,"column":26},"end":{"line":17,"column":5}},"line":15},"2":{"name":"(anonymous_2)","decl":{"start":{"line":19,"column":4},"end":{"line":19,"column":5}},"loc":{"start":{"line":19,"column":16},"end":{"line":22,"column":5}},"line":19},"3":{"name":"(anonymous_3)","decl":{"start":{"line":24,"column":4},"end":{"line":24,"column":5}},"loc":{"start":{"line":24,"column":29},"end":{"line":26,"column":5}},"line":24},"4":{"name":"(anonymous_4)","decl":{"start":{"line":28,"column":4},"end":{"line":28,"column":5}},"loc":{"start":{"line":28,"column":43},"end":{"line":33,"column":5}},"line":28},"5":{"name":"(anonymous_5)","decl":{"start":{"line":36,"column":4},"end":{"line":36,"column":5}},"loc":{"start":{"line":36,"column":40},"end":{"line":38,"column":5}},"line":36},"6":{"name":"(anonymous_6)","decl":{"start":{"line":40,"column":4},"end":{"line":40,"column":5}},"loc":{"start":{"line":40,"column":42},"end":{"line":42,"column":5}},"line":40},"7":{"name":"(anonymous_7)","decl":{"start":{"line":44,"column":4},"end":{"line":44,"column":5}},"loc":{"start":{"line":44,"column":40},"end":{"line":46,"column":5}},"line":44}},"branchMap":{},"s":{"0":1,"1":2,"2":2,"3":4,"4":2,"5":2,"6":2,"7":2,"8":2,"9":10,"10":7},"f":{"0":2,"1":4,"2":2,"3":2,"4":2,"5":2,"6":10,"7":7},"b":{},"_coverageSchema":"1a1c01bbd47fc00a2c39e90264f33305004495a9","hash":"68e853204e56da0022e5f0a7eeeb811dcdb501ca"}
}
