TN:
SF:index.js
FN:15,(anonymous_0)
FNF:1
FNH:1
FNDA:1,(anonymous_0)
DA:8,1
DA:9,1
DA:10,1
DA:13,1
DA:15,1
DA:16,1
LF:6
LH:6
BRDA:13,0,0,1
BRDA:13,0,1,1
BRF:2
BRH:2
end_of_record
TN:
SF:controller\user.mjs
FN:8,(anonymous_0)
FN:23,(anonymous_1)
FN:33,(anonymous_2)
FN:43,(anonymous_3)
FN:53,(anonymous_4)
FN:65,(anonymous_5)
FN:92,(anonymous_6)
FN:105,(anonymous_7)
FNF:8
FNH:8
FNDA:2,(anonymous_0)
FNDA:4,(anonymous_1)
FNDA:2,(anonymous_2)
FNDA:2,(anonymous_3)
FNDA:2,(anonymous_4)
FNDA:2,(anonymous_5)
FNDA:10,(anonymous_6)
FNDA:7,(anonymous_7)
DA:5,1
DA:9,2
DA:10,2
DA:14,1
DA:16,1
DA:24,4
DA:25,4
DA:26,2
DA:28,2
DA:34,2
DA:35,2
DA:36,1
DA:38,1
DA:44,2
DA:45,2
DA:47,2
DA:49,0
DA:54,2
DA:56,2
DA:58,1
DA:60,1
DA:66,2
DA:67,2
DA:68,2
DA:69,2
DA:70,1
DA:73,1
DA:76,2
DA:78,2
DA:79,2
DA:82,0
DA:93,10
DA:94,10
DA:96,10
DA:99,0
DA:106,7
DA:107,7
DA:109,7
DA:112,0
LF:39
LH:35
BRDA:67,0,0,2
BRDA:67,0,1,2
BRDA:69,1,0,1
BRDA:69,1,1,1
BRDA:73,2,0,1
BRDA:73,2,1,0
BRF:6
BRH:5
end_of_record
TN:
SF:dao\dao.mjs
FN:4,(anonymous_0)
FN:11,(anonymous_1)
FN:29,(anonymous_2)
FN:35,(anonymous_3)
FN:40,(anonymous_4)
FN:47,(anonymous_5)
FN:55,(anonymous_6)
FN:61,(anonymous_7)
FN:68,(anonymous_8)
FNF:9
FNH:9
FNDA:21,(anonymous_0)
FNDA:3,(anonymous_1)
FNDA:6,(anonymous_2)
FNDA:3,(anonymous_3)
FNDA:3,(anonymous_4)
FNDA:3,(anonymous_5)
FNDA:6,(anonymous_6)
FNDA:12,(anonymous_7)
FNDA:9,(anonymous_8)
DA:4,21
DA:12,3
DA:26,2
DA:30,6
DA:32,4
DA:36,3
DA:37,3
DA:41,3
DA:43,2
DA:49,3
DA:51,2
DA:56,6
DA:58,6
DA:62,12
DA:65,12
DA:69,9
DA:72,9
LF:17
LH:17
BRF:0
BRH:0
end_of_record
TN:
SF:db\db.mjs
FNF:0
FNH:0
DA:7,3
LF:1
LH:1
BRF:0
BRH:0
end_of_record
TN:
SF:db\knexfile.mjs
FNF:0
FNH:0
DA:6,3
LF:1
LH:1
BRF:0
BRH:0
end_of_record
TN:
SF:middleware\middleware.mjs
FN:10,(anonymous_0)
FN:21,(anonymous_1)
FN:50,(anonymous_2)
FNF:3
FNH:3
FNDA:29,(anonymous_0)
FNDA:15,(anonymous_1)
FNDA:9,(anonymous_2)
DA:6,1
DA:10,1
DA:11,29
DA:12,29
DA:13,27
DA:16,2
DA:21,1
DA:22,15
DA:23,5
DA:25,10
DA:26,10
DA:28,8
DA:32,2
DA:50,1
DA:52,9
DA:53,2
DA:56,7
DA:57,7
DA:60,6
DA:64,1
LF:20
LH:20
BRDA:12,0,0,27
BRDA:12,0,1,2
BRDA:12,1,0,29
BRDA:12,1,1,29
BRDA:22,2,0,5
BRDA:22,2,1,10
BRDA:22,3,0,15
BRDA:22,3,1,11
BRDA:26,4,0,8
BRDA:26,4,1,2
BRDA:26,5,0,10
BRDA:26,5,1,10
BRDA:52,6,0,2
BRDA:52,6,1,7
BRDA:52,7,0,9
BRDA:52,7,1,8
BRDA:57,8,0,6
BRDA:57,8,1,1
BRDA:57,9,0,7
BRDA:57,9,1,7
BRF:20
BRH:20
end_of_record
TN:
SF:routes\router.mjs
FNF:0
FNH:0
DA:5,1
DA:6,1
DA:7,1
DA:10,1
DA:13,1
DA:16,1
DA:19,1
DA:22,1
DA:25,1
DA:28,1
LF:10
LH:10
BRF:0
BRH:0
end_of_record
TN:
SF:service\userService.mjs
FN:10,(anonymous_0)
FN:15,(anonymous_1)
FN:19,(anonymous_2)
FN:24,(anonymous_3)
FN:28,(anonymous_4)
FN:36,(anonymous_5)
FN:40,(anonymous_6)
FN:44,(anonymous_7)
FNF:8
FNH:8
FNDA:2,(anonymous_0)
FNDA:4,(anonymous_1)
FNDA:2,(anonymous_2)
FNDA:2,(anonymous_3)
FNDA:2,(anonymous_4)
FNDA:2,(anonymous_5)
FNDA:10,(anonymous_6)
FNDA:7,(anonymous_7)
DA:5,1
DA:11,2
DA:12,2
DA:16,4
DA:21,2
DA:25,2
DA:30,2
DA:32,2
DA:37,2
DA:41,10
DA:45,7
LF:11
LH:11
BRF:0
BRH:0
end_of_record
