TN:
SF:index.js
FN:15,(anonymous_0)
FNF:1
FNH:1
FNDA:1,(anonymous_0)
DA:8,1
DA:9,1
DA:10,1
DA:13,1
DA:15,1
DA:16,1
LF:6
LH:6
BRDA:13,0,0,1
BRDA:13,0,1,1
BRF:2
BRH:2
end_of_record
TN:
SF:controller\user.mjs
FN:10,(anonymous_0)
FN:26,(anonymous_1)
FN:37,(anonymous_2)
FN:48,(anonymous_3)
FN:58,(anonymous_4)
FN:70,(anonymous_5)
FN:97,(anonymous_6)
FN:110,(anonymous_7)
FNF:8
FNH:8
FNDA:3,(anonymous_0)
FNDA:4,(anonymous_1)
FNDA:2,(anonymous_2)
FNDA:2,(anonymous_3)
FNDA:2,(anonymous_4)
FNDA:2,(anonymous_5)
FNDA:10,(anonymous_6)
FNDA:8,(anonymous_7)
DA:5,1
DA:11,3
DA:12,3
DA:13,3
DA:17,2
DA:19,1
DA:27,4
DA:29,4
DA:30,2
DA:32,2
DA:38,2
DA:39,2
DA:40,2
DA:41,1
DA:43,1
DA:49,2
DA:50,2
DA:52,2
DA:54,0
DA:59,2
DA:60,2
DA:61,2
DA:63,1
DA:65,1
DA:71,2
DA:72,2
DA:73,2
DA:74,2
DA:75,1
DA:78,1
DA:81,2
DA:83,2
DA:84,2
DA:87,0
DA:98,10
DA:99,10
DA:101,10
DA:104,0
DA:111,8
DA:112,8
DA:114,8
DA:117,0
LF:42
LH:38
BRDA:72,0,0,2
BRDA:72,0,1,2
BRDA:74,1,0,1
BRDA:74,1,1,1
BRDA:78,2,0,1
BRDA:78,2,1,0
BRF:6
BRH:5
end_of_record
TN:
SF:dao\dao.mjs
FN:4,(anonymous_0)
FN:11,(anonymous_1)
FN:29,(anonymous_2)
FN:35,(anonymous_3)
FN:40,(anonymous_4)
FN:47,(anonymous_5)
FN:55,(anonymous_6)
FN:61,(anonymous_7)
FN:68,(anonymous_8)
FNF:9
FNH:9
FNDA:21,(anonymous_0)
FNDA:4,(anonymous_1)
FNDA:6,(anonymous_2)
FNDA:3,(anonymous_3)
FNDA:3,(anonymous_4)
FNDA:3,(anonymous_5)
FNDA:6,(anonymous_6)
FNDA:12,(anonymous_7)
FNDA:10,(anonymous_8)
DA:4,21
DA:12,4
DA:26,3
DA:30,6
DA:32,4
DA:36,3
DA:37,3
DA:41,3
DA:43,2
DA:49,3
DA:51,2
DA:56,6
DA:58,6
DA:62,12
DA:65,12
DA:69,10
DA:72,10
LF:17
LH:17
BRF:0
BRH:0
end_of_record
TN:
SF:db\db.mjs
FNF:0
FNH:0
DA:7,3
LF:1
LH:1
BRF:0
BRH:0
end_of_record
TN:
SF:db\knexfile.mjs
FNF:0
FNH:0
DA:6,3
LF:1
LH:1
BRF:0
BRH:0
end_of_record
TN:
SF:middleware\middleware.mjs
FN:10,(anonymous_0)
FN:21,(anonymous_1)
FN:56,(anonymous_2)
FNF:3
FNH:3
FNDA:30,(anonymous_0)
FNDA:15,(anonymous_1)
FNDA:10,(anonymous_2)
DA:6,1
DA:10,1
DA:11,30
DA:12,30
DA:13,28
DA:16,2
DA:21,1
DA:28,15
DA:29,5
DA:31,10
DA:32,10
DA:34,8
DA:38,2
DA:56,1
DA:58,10
DA:59,2
DA:62,8
DA:63,8
DA:66,7
DA:70,1
LF:20
LH:20
BRDA:12,0,0,28
BRDA:12,0,1,2
BRDA:12,1,0,30
BRDA:12,1,1,30
BRDA:28,2,0,5
BRDA:28,2,1,10
BRDA:28,3,0,15
BRDA:28,3,1,11
BRDA:32,4,0,8
BRDA:32,4,1,2
BRDA:32,5,0,10
BRDA:32,5,1,10
BRDA:58,6,0,2
BRDA:58,6,1,8
BRDA:58,7,0,10
BRDA:58,7,1,9
BRDA:63,8,0,7
BRDA:63,8,1,1
BRDA:63,9,0,8
BRDA:63,9,1,8
BRF:20
BRH:20
end_of_record
TN:
SF:routes\router.mjs
FNF:0
FNH:0
DA:5,1
DA:6,1
DA:7,1
DA:10,1
DA:13,1
DA:16,1
DA:19,1
DA:22,1
DA:25,1
DA:28,1
LF:10
LH:10
BRF:0
BRH:0
end_of_record
TN:
SF:service\userService.mjs
FN:10,(anonymous_0)
FN:15,(anonymous_1)
FN:19,(anonymous_2)
FN:24,(anonymous_3)
FN:28,(anonymous_4)
FN:36,(anonymous_5)
FN:40,(anonymous_6)
FN:44,(anonymous_7)
FNF:8
FNH:8
FNDA:3,(anonymous_0)
FNDA:4,(anonymous_1)
FNDA:2,(anonymous_2)
FNDA:2,(anonymous_3)
FNDA:2,(anonymous_4)
FNDA:2,(anonymous_5)
FNDA:10,(anonymous_6)
FNDA:8,(anonymous_7)
DA:5,1
DA:11,3
DA:12,3
DA:16,4
DA:21,2
DA:25,2
DA:30,2
DA:32,2
DA:37,2
DA:41,10
DA:45,8
LF:11
LH:11
BRF:0
BRH:0
end_of_record
TN:
SF:validate\validate.mjs
FNF:0
FNH:0
DA:3,1
DA:14,1
LF:2
LH:2
BRF:0
BRH:0
end_of_record
